{"name": "# sendsafely_pytested_blue_top_1", "status": "failed", "statusDetails": {"message": "AssertionError: Expected Sign up Now, but got \n", "trace": "  File \"E:\\Gurov_SSD_256\\IT\\Testing\\Automation_08_09_2019\\sendsafely_dt_30_aug_2023\\venv\\Lib\\site-packages\\behave\\model.py\", line 1329, in run\n    match.run(runner.context)\n  File \"E:\\Gurov_SSD_256\\IT\\Testing\\Automation_08_09_2019\\sendsafely_dt_30_aug_2023\\venv\\Lib\\site-packages\\behave\\matchers.py\", line 98, in run\n    self.func(context, *args, **kwargs)\n  File \"features\\steps\\sendsafely_pytested_blue_top_1.py\", line 104, in sgn_p_btn\n    context.app.main_page.sgn_p_btn(sgn_p_btn_txt)\n  File \"E:\\Gurov_SSD_256\\IT\\Testing\\Automation_08_09_2019\\sendsafely_dt_30_aug_2023\\pages\\main_page.py\", line 124, in sgn_p_btn\n    assert expected_text == actual_text, f'Expected {expected_text}, but got {actual_text}'\n           ^^^^^^^^^^^^^^^^^^^^^^^^^^^^\n"}, "steps": [{"name": "Given Loginpage", "status": "passed", "start": 1693450049593, "stop": 1693450052911}, {"name": "Then Click button \"Accept\" cookies", "status": "passed", "start": 1693450052911, "stop": 1693450053001}, {"name": "Then 1 Picture SENDSAFELY '/img/ss_logo_60_343.png' is present", "status": "passed", "start": 1693450053001, "stop": 1693450053040}, {"name": "Then 2 Picture Globe as a Schema '/img/globe_lines.png' is present", "status": "passed", "start": 1693450053041, "stop": 1693450053072}, {"name": "Then 3 Text \"The end-to-end encryption platform for modern business\" is here", "status": "passed", "start": 1693450053072, "stop": 1693450053848}, {"name": "Then 4 \"Features\" button is here", "status": "passed", "start": 1693450053848, "stop": 1693450058379}, {"name": "Then 5 \"Solutions\" button is here", "status": "passed", "start": 1693450058379, "stop": 1693450058409}, {"name": "Then 6 \"Pricing\" button is here", "status": "passed", "start": 1693450058409, "stop": 1693450058426}, {"name": "Then 7 \"How it Works\" button is here", "status": "passed", "start": 1693450058426, "stop": 1693450058441}, {"name": "Then 8 \"Blog\" button is here", "status": "passed", "start": 1693450058441, "stop": 1693450058456}, {"name": "Then 9 \"Log In\" button is here", "status": "passed", "start": 1693450058457, "stop": 1693450058471}, {"name": "Then 10 \"Request Demo\" button is here", "status": "passed", "start": 1693450058471, "stop": 1693450058486}, {"name": "Then 11 \"Sign up Now\" button is here", "status": "failed", "statusDetails": {"message": "AssertionError: Expected Sign up Now, but got \n", "trace": "  File \"E:\\Gurov_SSD_256\\IT\\Testing\\Automation_08_09_2019\\sendsafely_dt_30_aug_2023\\venv\\Lib\\site-packages\\behave\\model.py\", line 1329, in run\n    match.run(runner.context)\n  File \"E:\\Gurov_SSD_256\\IT\\Testing\\Automation_08_09_2019\\sendsafely_dt_30_aug_2023\\venv\\Lib\\site-packages\\behave\\matchers.py\", line 98, in run\n    self.func(context, *args, **kwargs)\n  File \"features\\steps\\sendsafely_pytested_blue_top_1.py\", line 104, in sgn_p_btn\n    context.app.main_page.sgn_p_btn(sgn_p_btn_txt)\n  File \"E:\\Gurov_SSD_256\\IT\\Testing\\Automation_08_09_2019\\sendsafely_dt_30_aug_2023\\pages\\main_page.py\", line 124, in sgn_p_btn\n    assert expected_text == actual_text, f'Expected {expected_text}, but got {actual_text}'\n           ^^^^^^^^^^^^^^^^^^^^^^^^^^^^\n"}, "start": 1693450058486, "stop": 1693450058618}, {"name": "And 12 \"Learn More\" button is here", "status": "skipped", "start": 1693450060790, "stop": 1693450060790}], "start": 1693450047906, "stop": 1693450060790, "uuid": "a6825b97-02db-4c5a-a977-a9e35c7a0609", "historyId": "a789377eb28babdd180971f10b87e4b9", "fullName": "# sendsafely_pytested_blue_top_1: # sendsafely_pytested_blue_top_1", "labels": [{"name": "severity", "value": "normal"}, {"name": "feature", "value": "# sendsafely_pytested_blue_top_1"}, {"name": "framework", "value": "behave"}, {"name": "language", "value": "cpython3"}]}